rank = 2
rank = 0
0 0 0 1 1 0 1 1 1 0 0 0 1 0 1 0 
0 0 1 1 1 0 1 0 1 0 1 1 1 0 1 0 
0 1 1 1 0 0 1 1 1 1 0 0 1 1 0 1 
1 1 0 1 0 1 1 1 0 0 0 1 0 1 1 1 
-555849272 32533 -576587416 32533 -567775800 32533 -576591728 32533 0 1 -557940932 32533 1614453424 32765 -1161686368 0 
3 0 -557940932 32533 -555857152 32533 -1358008147 0 3 0 10 0 -555857152 32533 -557938506 32533 
-567784584 32533 1614452992 32765 -567829200 32533 1614453264 32765 -567823896 32533 45889986 0 1614453248 32765 -576586360 32533 
0 0 -555862600 32533 -555849272 32533 -576587339 32533 -567775800 32533 -576591992 32533 0 1 221 1 
32832 0 1614453448 32765 1614453408 32765 -557940932 32533 1 0 -163754450 0 3 0 10 0 
-555857152 32533 -557938506 32533 1 0 1614453200 32765 -567829200 32533 1614453472 32765 -567778824 32533 64550200 0 
1614453456 32765 21958656 0 0 0 -555857024 32533 -555849272 32533 4195863 0 -567775800 32533 4195176 0 
0 1 2099 1 -567823896 32533 1614453656 32765 1614453616 32765 -555857024 32533 1 0 -555735776 32533 
-555736632 32533 -557938127 32533 0 0 -555857024 32533 1 32765 0 0 1 -1 -555736632 32533 
1614453496 32765 1477355023 8191 -1 -1 0 0 0 0 -555735776 32533 1614453472 32765 1614453456 32765 
-163754450 0 4195863 0 -1 0 -567342245 0 -567778824 32533 -555849272 32533 0 0 1614453608 32765 
1 0 4197725 0 1614453600 32765 0 0 4197648 0 4196640 0 1614453792 32765 0 0 
0 0 -567705787 32533 0 0 1614453800 32765 0 1 4196877 0 0 0 -1094982596 -510941499 
rank = 1
rank = 3
